<?xml version="1.0" encoding="UTF-8"?>
<testng-results total="9" passed="9" failed="0" skipped="0">
  <reporter-output>
  </reporter-output>
  <suite started-at="2025-04-21T04:37:38Z" name="Test Suite for Buildout" finished-at="2025-04-21T04:42:43Z" duration-ms="305783">
    <groups>
    </groups>
    <test started-at="2025-04-21T04:37:38Z" name="All Tests" finished-at="2025-04-21T04:42:43Z" duration-ms="305783">
      <class name="demo.TestCases">
        <test-method is-config="true" signature="startBrowser()[pri:0, instance:demo.TestCases@742ff096]" started-at="2025-04-21T10:07:38Z" name="startBrowser" finished-at="2025-04-21T10:07:44Z" duration-ms="6006" status="PASS">
          <reporter-output>
          </reporter-output>
        </test-method> <!-- startBrowser -->
        <test-method signature="testCase01()[pri:1, instance:demo.TestCases@742ff096]" started-at="2025-04-21T10:07:44Z" name="testCase01" finished-at="2025-04-21T10:07:56Z" duration-ms="12255" status="PASS">
          <reporter-output>
          </reporter-output>
        </test-method> <!-- testCase01 -->
        <test-method signature="testCase02()[pri:2, instance:demo.TestCases@742ff096]" started-at="2025-04-21T10:07:56Z" name="testCase02" finished-at="2025-04-21T10:08:03Z" duration-ms="7072" status="PASS">
          <reporter-output>
          </reporter-output>
        </test-method> <!-- testCase02 -->
        <test-method signature="testCase03()[pri:3, instance:demo.TestCases@742ff096]" started-at="2025-04-21T10:08:03Z" name="testCase03" finished-at="2025-04-21T10:08:10Z" duration-ms="6869" status="PASS">
          <reporter-output>
          </reporter-output>
        </test-method> <!-- testCase03 -->
        <test-method signature="testCase04()[pri:4, instance:demo.TestCases@742ff096]" started-at="2025-04-21T10:08:10Z" name="testCase04" finished-at="2025-04-21T10:08:18Z" duration-ms="8727" status="PASS">
          <reporter-output>
          </reporter-output>
        </test-method> <!-- testCase04 -->
        <test-method signature="testCase05(java.lang.String)[pri:5, instance:demo.TestCases@742ff096]" started-at="2025-04-21T10:08:19Z" name="testCase05" data-provider="excelData" finished-at="2025-04-21T10:09:00Z" duration-ms="40287" status="PASS">
          <params>
            <param index="0">
              <value>
                <![CDATA[Movies]]>
              </value>
            </param>
          </params>
          <reporter-output>
          </reporter-output>
        </test-method> <!-- testCase05 -->
        <test-method signature="testCase05(java.lang.String)[pri:5, instance:demo.TestCases@742ff096]" started-at="2025-04-21T10:09:00Z" name="testCase05" data-provider="excelData" finished-at="2025-04-21T10:09:04Z" duration-ms="4649" status="PASS">
          <params>
            <param index="0">
              <value>
                <![CDATA[Music]]>
              </value>
            </param>
          </params>
          <reporter-output>
          </reporter-output>
        </test-method> <!-- testCase05 -->
        <test-method signature="testCase05(java.lang.String)[pri:5, instance:demo.TestCases@742ff096]" started-at="2025-04-21T10:09:04Z" name="testCase05" data-provider="excelData" finished-at="2025-04-21T10:09:23Z" duration-ms="18850" status="PASS">
          <params>
            <param index="0">
              <value>
                <![CDATA[Games]]>
              </value>
            </param>
          </params>
          <reporter-output>
          </reporter-output>
        </test-method> <!-- testCase05 -->
        <test-method signature="testCase05(java.lang.String)[pri:5, instance:demo.TestCases@742ff096]" started-at="2025-04-21T10:09:23Z" name="testCase05" data-provider="excelData" finished-at="2025-04-21T10:10:19Z" duration-ms="56015" status="PASS">
          <params>
            <param index="0">
              <value>
                <![CDATA[India]]>
              </value>
            </param>
          </params>
          <reporter-output>
          </reporter-output>
        </test-method> <!-- testCase05 -->
        <test-method signature="testCase05(java.lang.String)[pri:5, instance:demo.TestCases@742ff096]" started-at="2025-04-21T10:10:19Z" name="testCase05" data-provider="excelData" finished-at="2025-04-21T10:12:43Z" duration-ms="143401" status="PASS">
          <params>
            <param index="0">
              <value>
                <![CDATA[UK]]>
              </value>
            </param>
          </params>
          <reporter-output>
          </reporter-output>
        </test-method> <!-- testCase05 -->
        <test-method is-config="true" signature="endTest()[pri:0, instance:demo.TestCases@742ff096]" started-at="2025-04-21T10:12:43Z" name="endTest" finished-at="2025-04-21T10:12:43Z" duration-ms="686" status="PASS">
          <reporter-output>
          </reporter-output>
        </test-method> <!-- endTest -->
      </class> <!-- demo.TestCases -->
    </test> <!-- All Tests -->
  </suite> <!-- Test Suite for Buildout -->
</testng-results>
